<?xml version="1.0" encoding="UTF-8"?>
<!-- Generated by org.testng.reporters.JUnitReportReporter -->
<testsuite hostname="DESKTOP-Q4QKC87" failures="0" tests="1" name="com.Testng.testNG" time="105.999" errors="0" timestamp="2023-12-21T11:42:23 IST" skipped="0">
  <testcase classname="com.Testng.testNG" name="launchBrowesre" time="105.999"/>
  <system-out/>
</testsuite> <!-- com.Testng.testNG -->
