<?xml version="1.0" encoding="UTF-8"?>
<!-- Generated by org.testng.reporters.JUnitReportReporter -->
<testsuite hostname="DESKTOP-Q4QKC87" failures="0" tests="4" name="com.Testng.Annotation2" time="0.045" errors="0" timestamp="2023-12-21T19:22:54 IST" skipped="1">
  <testcase classname="com.Testng.Annotation2" name="logInTest" time="0.040"/>
  <system-out/>
  <testcase classname="com.Testng.Annotation2" name="composeMailTest" time="0.002"/>
  <system-out/>
  <testcase classname="com.Testng.Annotation2" name="SentMailTest" time="0.003"/>
  <system-out/>
  <testcase classname="com.Testng.Annotation2" name="DraftsTest">
    <skipped/>
  </testcase> <!-- DraftsTest -->
  <system-out/>
</testsuite> <!-- com.Testng.Annotation2 -->
