<?xml version="1.0" encoding="UTF-8"?>
<!-- Generated by org.testng.reporters.JUnitReportReporter -->
<testsuite hostname="DESKTOP-Q4QKC87" failures="0" tests="4" name="com.Testng.Annotations3" time="0.074" errors="0" timestamp="2023-12-21T19:26:23 IST" skipped="1">
  <testcase classname="com.Testng.Annotations3" name="logInTest" time="0.064"/>
  <system-out/>
  <testcase classname="com.Testng.Annotations3" name="composeMailTest" time="0.006"/>
  <system-out/>
  <testcase classname="com.Testng.Annotations3" name="SentMailTest" time="0.004"/>
  <system-out/>
  <testcase classname="com.Testng.Annotations3" name="DraftsTest">
    <skipped/>
  </testcase> <!-- DraftsTest -->
  <system-out/>
</testsuite> <!-- com.Testng.Annotations3 -->
